<?xml version="1.0" encoding="UTF-8"?>
<testng-results ignored="0" total="1" passed="1" failed="0" skipped="0">
  <reporter-output>
  </reporter-output>
  <suite started-at="2024-03-07T15:41:06 IST" name="Suite" finished-at="2024-03-07T15:41:24 IST" duration-ms="17961">
    <groups>
    </groups>
    <test started-at="2024-03-07T15:41:06 IST" name="Test" finished-at="2024-03-07T15:41:24 IST" duration-ms="17961">
      <class name="maven.test.Login">
        <test-method is-config="true" signature="launchb()[pri:0, instance:maven.test.Login@6aba2b86]" started-at="2024-03-07T15:41:06 IST" name="launchb" finished-at="2024-03-07T15:41:09 IST" duration-ms="2306" status="PASS">
          <reporter-output>
          </reporter-output>
        </test-method> <!-- launchb -->
        <test-method signature="login()[pri:0, instance:maven.test.Login@6aba2b86]" started-at="2024-03-07T15:41:09 IST" name="login" finished-at="2024-03-07T15:41:24 IST" duration-ms="15326" status="PASS">
          <reporter-output>
          </reporter-output>
        </test-method> <!-- login -->
        <test-method is-config="true" signature="close()[pri:0, instance:maven.test.Login@6aba2b86]" started-at="2024-03-07T15:41:24 IST" name="close" finished-at="2024-03-07T15:41:24 IST" duration-ms="276" status="PASS">
          <reporter-output>
          </reporter-output>
        </test-method> <!-- close -->
      </class> <!-- maven.test.Login -->
    </test> <!-- Test -->
  </suite> <!-- Suite -->
</testng-results>
