<?xml version="1.0" encoding="UTF-8"?>
<testng-results ignored="0" total="1" passed="1" failed="0" skipped="0">
  <reporter-output>
  </reporter-output>
  <suite started-at="2024-03-06T21:30:21 IST" name="Suite" finished-at="2024-03-06T21:30:31 IST" duration-ms="9949">
    <groups>
    </groups>
    <test started-at="2024-03-06T21:30:21 IST" name="Test" finished-at="2024-03-06T21:30:31 IST" duration-ms="9949">
      <class name="maven.test.Login">
        <test-method is-config="true" signature="launchb()[pri:0, instance:maven.test.Login@2c767a52]" started-at="2024-03-06T21:30:22 IST" name="launchb" finished-at="2024-03-06T21:30:24 IST" duration-ms="2050" status="PASS">
          <reporter-output>
          </reporter-output>
        </test-method> <!-- launchb -->
        <test-method signature="login()[pri:0, instance:maven.test.Login@2c767a52]" started-at="2024-03-06T21:30:24 IST" name="login" finished-at="2024-03-06T21:30:31 IST" duration-ms="7646" status="PASS">
          <reporter-output>
          </reporter-output>
        </test-method> <!-- login -->
        <test-method is-config="true" signature="close()[pri:0, instance:maven.test.Login@2c767a52]" started-at="2024-03-06T21:30:31 IST" name="close" finished-at="2024-03-06T21:30:31 IST" duration-ms="225" status="PASS">
          <reporter-output>
          </reporter-output>
        </test-method> <!-- close -->
      </class> <!-- maven.test.Login -->
    </test> <!-- Test -->
  </suite> <!-- Suite -->
</testng-results>
